2025-02-12 20:44:43 | INFO | Сервер запущен на порте:5000
2025-02-12 20:44:45 | INFO | Запрос: POST /registration/verify | IP: ::1
2025-02-12 20:44:56 | INFO | Запрос: POST /registration/login | IP: ::1
2025-02-12 20:44:56 | INFO | Запрос: POST /registration/verify | IP: ::1
2025-02-12 20:45:15 | INFO | Запрос: GET /admin-tools | IP: ::1
2025-02-12 20:45:15 | INFO | Запрос: GET /admin-tools/groups | IP: ::1
2025-02-12 20:45:21 | INFO | Запрос: PUT /admin-tools/1737916439882 | IP: ::1
2025-02-12 20:45:24 | INFO | Запрос: GET /admin-tools | IP: ::1
2025-02-12 20:45:24 | INFO | Запрос: GET /admin-tools/groups | IP: ::1
2025-02-12 20:45:27 | INFO | Запрос: PUT /admin-tools/1737916439882 | IP: ::1
2025-02-12 20:45:29 | INFO | Запрос: PUT /admin-tools/1737916439882 | IP: ::1
2025-02-12 20:45:41 | INFO | Запрос: PUT /admin-tools/762d7eb2-d2ea-45e8-a4e4-66113e15028b | IP: ::1
2025-02-12 20:45:44 | INFO | Запрос: PUT /admin-tools/762d7eb2-d2ea-45e8-a4e4-66113e15028b | IP: ::1
2025-02-12 20:46:19 | INFO | Запрос: PUT /admin-tools/762d7eb2-d2ea-45e8-a4e4-66113e15028b | IP: ::1
2025-02-12 20:46:24 | INFO | Запрос: PUT /admin-tools/762d7eb2-d2ea-45e8-a4e4-66113e15028b | IP: ::1
2025-02-12 20:46:32 | INFO | Запрос: PUT /admin-tools/762d7eb2-d2ea-45e8-a4e4-66113e15028b | IP: ::1
2025-02-12 20:46:37 | INFO | Запрос: PUT /admin-tools/762d7eb2-d2ea-45e8-a4e4-66113e15028b | IP: ::1
2025-02-12 20:46:51 | INFO | Запрос: PUT /admin-tools/762d7eb2-d2ea-45e8-a4e4-66113e15028b | IP: ::1
2025-02-12 20:46:53 | INFO | Запрос: PUT /admin-tools/762d7eb2-d2ea-45e8-a4e4-66113e15028b | IP: ::1
2025-02-12 23:04:22 | INFO | Запрос: GET /admin-tools | IP: ::1
2025-02-12 23:04:22 | INFO | Запрос: GET /admin-tools/groups | IP: ::1
2025-02-12 23:04:25 | INFO | Запрос: GET /ranking | IP: ::1
2025-02-12 23:04:25 | INFO | Запрос: GET /ranking/groups | IP: ::1
2025-02-12 23:04:26 | INFO | Запрос: POST /registration/verify | IP: ::1
2025-02-12 23:04:35 | INFO | Запрос: POST /registration/login | IP: ::1
2025-02-12 23:04:36 | INFO | Запрос: POST /registration/verify | IP: ::1
2025-02-12 23:04:38 | INFO | Запрос: GET /ranking | IP: ::1
2025-02-12 23:04:38 | INFO | Запрос: GET /ranking/groups | IP: ::1
2025-02-12 23:04:40 | INFO | Запрос: GET /ranking | IP: ::1
2025-02-12 23:04:40 | INFO | Запрос: GET /ranking/groups | IP: ::1
2025-02-12 23:06:24 | INFO | Запрос: POST /registration/verify | IP: ::1
2025-02-12 23:06:25 | INFO | Запрос: GET /admin-tools | IP: ::1
2025-02-12 23:06:25 | INFO | Запрос: GET /admin-tools/groups | IP: ::1
2025-02-12 23:11:42 | INFO | Запрос: GET /admin-tools | IP: ::1
2025-02-12 23:11:42 | INFO | Запрос: GET /admin-tools/groups | IP: ::1
2025-02-12 23:11:55 | INFO | Запрос: PUT /admin-tools/fcb2869c-fc1b-4206-bf99-401273b76803/group | IP: ::1
2025-02-12 23:11:57 | INFO | Запрос: PUT /admin-tools/fcb2869c-fc1b-4206-bf99-401273b76803/group | IP: ::1
2025-02-12 23:12:00 | INFO | Запрос: PUT /admin-tools/fcb2869c-fc1b-4206-bf99-401273b76803/group | IP: ::1
2025-02-12 23:12:38 | INFO | Запрос: POST /admin-tools/groups | IP: ::1
2025-02-12 23:12:41 | INFO | Запрос: PUT /admin-tools/762d7eb2-d2ea-45e8-a4e4-66113e15028b/group | IP: ::1
2025-02-12 23:12:43 | INFO | Запрос: PUT /admin-tools/1d360b22-928e-496d-9322-630edc43a746/group | IP: ::1
2025-02-12 23:12:45 | INFO | Запрос: PUT /admin-tools/fcb2869c-fc1b-4206-bf99-401273b76803/group | IP: ::1
2025-02-12 23:12:56 | INFO | Запрос: PUT /admin-tools/762d7eb2-d2ea-45e8-a4e4-66113e15028b/group | IP: ::1
2025-02-12 23:12:58 | INFO | Запрос: PUT /admin-tools/1d360b22-928e-496d-9322-630edc43a746/group | IP: ::1
2025-02-12 23:12:59 | INFO | Запрос: PUT /admin-tools/fcb2869c-fc1b-4206-bf99-401273b76803/group | IP: ::1
2025-02-12 23:15:33 | INFO | Запрос: POST /registration/verify | IP: ::1
2025-02-12 23:15:34 | INFO | Запрос: GET /admin-tools/groups | IP: ::1
2025-02-12 23:15:34 | INFO | Запрос: GET /admin-tools | IP: ::1
2025-02-12 23:15:40 | INFO | Запрос: PUT /admin-tools/762d7eb2-d2ea-45e8-a4e4-66113e15028b/group | IP: ::1
2025-02-12 23:15:43 | INFO | Запрос: POST /registration/verify | IP: ::1
2025-02-12 23:15:43 | INFO | Запрос: GET /admin-tools | IP: ::1
2025-02-12 23:15:43 | INFO | Запрос: GET /admin-tools/groups | IP: ::1
2025-02-12 23:15:48 | INFO | Запрос: PUT /admin-tools/762d7eb2-d2ea-45e8-a4e4-66113e15028b/group | IP: ::1
2025-02-12 23:15:52 | INFO | Запрос: PUT /admin-tools/762d7eb2-d2ea-45e8-a4e4-66113e15028b/group | IP: ::1
2025-02-12 23:15:59 | INFO | Запрос: POST /registration/verify | IP: ::1
2025-02-12 23:16:08 | INFO | Запрос: GET /admin-tools | IP: ::1
2025-02-12 23:16:08 | INFO | Запрос: GET /admin-tools/groups | IP: ::1
2025-02-12 23:17:29 | INFO | Запрос: GET /admin-tools | IP: ::1
2025-02-12 23:17:29 | INFO | Запрос: GET /admin-tools/groups | IP: ::1
2025-02-12 23:18:57 | INFO | Запрос: GET /admin-tools | IP: ::1
2025-02-12 23:18:57 | INFO | Запрос: GET /admin-tools/groups | IP: ::1
2025-02-12 23:19:07 | INFO | Запрос: GET /admin-tools | IP: ::1
2025-02-12 23:19:07 | INFO | Запрос: GET /admin-tools/groups | IP: ::1
2025-02-12 23:19:11 | INFO | Запрос: PUT /admin-tools/762d7eb2-d2ea-45e8-a4e4-66113e15028b/group | IP: ::1
2025-02-12 23:19:15 | INFO | Запрос: POST /registration/verify | IP: ::1
2025-02-12 23:19:17 | INFO | Запрос: GET /admin-tools | IP: ::1
2025-02-12 23:19:17 | INFO | Запрос: GET /admin-tools/groups | IP: ::1
2025-02-12 23:19:21 | INFO | Запрос: PUT /admin-tools/762d7eb2-d2ea-45e8-a4e4-66113e15028b/group | IP: ::1
2025-02-12 23:19:22 | INFO | Запрос: PUT /admin-tools/762d7eb2-d2ea-45e8-a4e4-66113e15028b/group | IP: ::1
2025-02-12 23:19:23 | INFO | Запрос: PUT /admin-tools/762d7eb2-d2ea-45e8-a4e4-66113e15028b | IP: ::1
2025-02-12 23:19:25 | INFO | Запрос: POST /registration/verify | IP: ::1
2025-02-12 23:19:25 | INFO | Запрос: GET /admin-tools | IP: ::1
2025-02-12 23:19:25 | INFO | Запрос: GET /admin-tools/groups | IP: ::1
2025-02-12 23:22:08 | INFO | Запрос: GET /admin-tools | IP: ::1
2025-02-12 23:22:08 | INFO | Запрос: GET /admin-tools/groups | IP: ::1
2025-02-12 23:22:21 | INFO | Запрос: GET /admin-tools | IP: ::1
2025-02-12 23:22:21 | INFO | Запрос: GET /admin-tools/groups | IP: ::1
2025-02-12 23:23:06 | INFO | Запрос: GET /admin-tools | IP: ::1
2025-02-12 23:23:06 | INFO | Запрос: GET /admin-tools/groups | IP: ::1
2025-02-12 23:23:10 | INFO | Запрос: GET /admin-tools | IP: ::1
2025-02-12 23:23:10 | INFO | Запрос: GET /admin-tools/groups | IP: ::1
2025-02-12 23:23:42 | INFO | Запрос: GET /admin-tools | IP: ::1
2025-02-12 23:23:42 | INFO | Запрос: GET /admin-tools/groups | IP: ::1
2025-02-12 23:25:17 | INFO | Запрос: GET /admin-tools | IP: ::1
2025-02-12 23:25:17 | INFO | Запрос: GET /admin-tools/groups | IP: ::1
2025-02-12 23:25:27 | INFO | Запрос: GET /admin-tools | IP: ::1
2025-02-12 23:25:27 | INFO | Запрос: GET /admin-tools/groups | IP: ::1
2025-02-12 23:26:29 | INFO | Запрос: PUT /admin-tools/762d7eb2-d2ea-45e8-a4e4-66113e15028b/group | IP: ::1
2025-02-12 23:26:30 | INFO | Запрос: PUT /admin-tools/762d7eb2-d2ea-45e8-a4e4-66113e15028b/group | IP: ::1
2025-02-12 23:26:32 | INFO | Запрос: PUT /admin-tools/762d7eb2-d2ea-45e8-a4e4-66113e15028b/group | IP: ::1
2025-02-12 23:27:46 | INFO | Запрос: GET /admin-tools | IP: ::1
2025-02-12 23:27:46 | INFO | Запрос: GET /admin-tools/groups | IP: ::1
2025-02-12 23:27:56 | INFO | Запрос: POST /registration/verify | IP: ::1
2025-02-12 23:27:57 | INFO | Запрос: GET /admin-tools | IP: ::1
2025-02-12 23:27:57 | INFO | Запрос: GET /admin-tools/groups | IP: ::1
2025-02-12 23:30:43 | INFO | Запрос: PUT /admin-tools/fcb2869c-fc1b-4206-bf99-401273b76803/group | IP: ::1
2025-02-12 23:30:53 | INFO | Запрос: PUT /admin-tools/fcb2869c-fc1b-4206-bf99-401273b76803 | IP: ::1
2025-02-12 23:30:59 | INFO | Запрос: PUT /admin-tools/fcb2869c-fc1b-4206-bf99-401273b76803/group | IP: ::1
2025-02-12 23:31:00 | INFO | Запрос: PUT /admin-tools/fcb2869c-fc1b-4206-bf99-401273b76803/group | IP: ::1
2025-02-12 23:31:01 | INFO | Запрос: PUT /admin-tools/fcb2869c-fc1b-4206-bf99-401273b76803 | IP: ::1
2025-02-12 23:32:41 | INFO | Запрос: POST /registration/verify | IP: ::1
2025-02-12 23:32:42 | INFO | Запрос: GET /admin-tools | IP: ::1
2025-02-12 23:32:42 | INFO | Запрос: GET /admin-tools/groups | IP: ::1
2025-02-12 23:32:59 | INFO | Запрос: GET /admin-tools | IP: ::1
2025-02-12 23:32:59 | INFO | Запрос: GET /admin-tools/groups | IP: ::1
2025-02-12 23:33:12 | INFO | Запрос: GET /admin-tools | IP: ::1
2025-02-12 23:33:12 | INFO | Запрос: GET /admin-tools/groups | IP: ::1
2025-02-12 23:33:34 | INFO | Запрос: GET /admin-tools | IP: ::1
2025-02-12 23:33:34 | INFO | Запрос: GET /admin-tools/groups | IP: ::1
2025-02-12 23:33:44 | INFO | Запрос: GET /admin-tools | IP: ::1
2025-02-12 23:33:44 | INFO | Запрос: GET /admin-tools/groups | IP: ::1
2025-02-12 23:33:50 | INFO | Запрос: GET /admin-tools | IP: ::1
2025-02-12 23:33:50 | INFO | Запрос: GET /admin-tools/groups | IP: ::1
2025-02-12 23:33:57 | INFO | Запрос: GET /admin-tools | IP: ::1
2025-02-12 23:33:57 | INFO | Запрос: GET /admin-tools/groups | IP: ::1
2025-02-12 23:34:21 | INFO | Запрос: PUT /admin-tools/fcb2869c-fc1b-4206-bf99-401273b76803 | IP: ::1
2025-02-12 23:34:28 | INFO | Запрос: PUT /admin-tools/fcb2869c-fc1b-4206-bf99-401273b76803/group | IP: ::1
2025-02-12 23:34:28 | INFO | Запрос: PUT /admin-tools/fcb2869c-fc1b-4206-bf99-401273b76803 | IP: ::1
2025-02-12 23:34:33 | INFO | Запрос: PUT /admin-tools/fcb2869c-fc1b-4206-bf99-401273b76803/group | IP: ::1
2025-02-12 23:34:34 | INFO | Запрос: PUT /admin-tools/fcb2869c-fc1b-4206-bf99-401273b76803 | IP: ::1
2025-02-12 23:34:56 | INFO | Запрос: PUT /admin-tools/fcb2869c-fc1b-4206-bf99-401273b76803 | IP: ::1
2025-02-12 23:35:03 | INFO | Запрос: POST /registration/verify | IP: ::1
2025-02-12 23:35:05 | INFO | Запрос: GET /admin-tools | IP: ::1
2025-02-12 23:35:05 | INFO | Запрос: GET /admin-tools/groups | IP: ::1
2025-02-12 23:35:07 | INFO | Запрос: POST /registration/verify | IP: ::1
2025-02-12 23:36:30 | INFO | Запрос: POST /registration/verify | IP: ::1
2025-02-12 23:36:31 | INFO | Запрос: GET /news/read | IP: ::1
2025-02-12 23:38:00 | INFO | Запрос: GET /announcements/read | IP: ::1
2025-02-12 23:38:01 | INFO | Запрос: GET /news/read | IP: ::1
2025-02-12 23:38:03 | INFO | Запрос: GET /announcements/read | IP: ::1
2025-02-12 23:38:04 | INFO | Запрос: GET /news/read | IP: ::1
2025-02-12 23:38:14 | INFO | Запрос: POST /registration/verify | IP: ::1
2025-02-12 23:38:14 | INFO | Запрос: POST /registration/verify | IP: ::1
2025-02-12 23:46:28 | INFO | Запрос: GET /ranking | IP: ::1
2025-02-12 23:46:28 | INFO | Запрос: GET /ranking/groups | IP: ::1
2025-02-12 23:46:29 | INFO | Запрос: POST /registration/verify | IP: ::1
2025-02-13 00:00:08 | INFO | Запрос: POST /registration/register | IP: ::1
2025-02-13 00:00:11 | INFO | Запрос: POST /registration/login | IP: ::1
2025-02-13 00:04:01 | INFO | Сервер запущен на порте:5000
2025-02-13 00:04:04 | INFO | Запрос: POST /registration/register | IP: ::1
2025-02-13 00:04:18 | INFO | Запрос: POST /registration/login | IP: ::1
2025-02-13 00:04:18 | INFO | Запрос: POST /registration/verify | IP: ::1
2025-02-13 00:06:58 | INFO | Сервер запущен на порте:5000
2025-02-13 00:07:38 | INFO | Запрос: POST /registration/register | IP: ::1
2025-02-13 00:07:42 | INFO | Запрос: POST /registration/login | IP: ::1
2025-02-13 00:07:42 | INFO | Запрос: POST /registration/verify | IP: ::1
2025-02-13 00:09:22 | INFO | Сервер запущен на порте:5000
2025-02-13 00:09:56 | INFO | Запрос: POST /registration/register | IP: ::1
2025-02-13 00:10:12 | INFO | Запрос: POST /registration/login | IP: ::1
2025-02-13 00:10:12 | INFO | Запрос: POST /registration/verify | IP: ::1
2025-02-13 00:10:45 | INFO | Запрос: POST /registration/login | IP: ::1
2025-02-13 00:11:11 | INFO | Запрос: POST /registration/login | IP: ::1
2025-02-13 00:11:19 | INFO | Запрос: POST /registration/login | IP: ::1
2025-02-13 00:11:25 | INFO | Запрос: POST /registration/login | IP: ::1
2025-02-13 00:11:35 | INFO | Запрос: POST /registration/login | IP: ::1
2025-02-13 00:11:50 | INFO | Запрос: POST /registration/login | IP: ::1
2025-02-13 00:11:50 | INFO | Запрос: POST /registration/verify | IP: ::1
2025-02-13 00:14:19 | INFO | Запрос: GET /announcements/read | IP: ::1
2025-02-13 00:14:20 | INFO | Запрос: GET /news/read | IP: ::1
2025-02-13 00:14:22 | INFO | Запрос: GET /news/read | IP: ::1
2025-02-13 00:18:02 | INFO | Запрос: POST /registration/verify | IP: ::1
2025-02-13 00:18:03 | INFO | Запрос: GET /admin-tools | IP: ::1
2025-02-13 00:18:03 | INFO | Запрос: GET /admin-tools/groups | IP: ::1
2025-02-13 00:18:17 | INFO | Запрос: POST /registration/verify | IP: ::1
2025-02-13 00:18:20 | INFO | Запрос: POST /registration/verify | IP: ::1
2025-02-13 00:18:40 | INFO | Запрос: GET /news/read | IP: ::1
2025-02-13 00:18:46 | INFO | Запрос: GET /announcements/read | IP: ::1
2025-02-13 00:18:47 | INFO | Запрос: GET /news/read | IP: ::1
2025-02-13 00:18:48 | INFO | Запрос: GET /news/1737921611680 | IP: ::1
2025-02-13 00:18:48 | INFO | Запрос: GET /news/test-image/1738231205814_ISO_C++_Logo.svg.png | IP: ::1
2025-02-13 00:18:54 | INFO | Запрос: GET /news/read | IP: ::1
2025-02-13 00:18:56 | INFO | Запрос: GET /announcements/read | IP: ::1
2025-02-13 00:18:57 | INFO | Запрос: GET /announcements/1738438420947 | IP: ::1
2025-02-13 00:18:57 | INFO | Запрос: GET /announcements/test-image/1738443981427_DALL%C2%B7E%202025-01-13%2022.37.13%20-%20A%20professional%20logo%20design%20with%20no%20text,%20representing%20a%20sleek%20and%20modern%20style%20suitable%20for%20a%20programming%20studio.%20The%20design%20should%20focus%20on%20innovatio.webp | IP: ::1
2025-02-13 00:19:02 | INFO | Запрос: GET /materials/read | IP: ::1
2025-02-13 00:19:03 | INFO | Запрос: GET /materials/1738511421125 | IP: ::1
2025-02-13 00:19:03 | INFO | Запрос: GET /materials/1738511421125/articles | IP: ::1
2025-02-13 00:19:03 | INFO | Запрос: GET /materials/test-image/1738688639420_1738231205814_ISO_C++_Logo.svg.png | IP: ::1
2025-02-13 00:19:06 | INFO | Запрос: GET /materials/1738511421125/articles/1738520854952 | IP: ::1
2025-02-13 00:19:06 | INFO | Запрос: GET /materials/test-image/1738687509158_%D1%81%D0%BE%D0%BC-%D0%B2.png | IP: ::1
2025-02-13 00:19:12 | INFO | Запрос: GET /materials/1738511421125 | IP: ::1
2025-02-13 00:19:12 | INFO | Запрос: GET /materials/1738511421125/articles | IP: ::1
2025-02-13 00:19:19 | INFO | Запрос: GET /ranking | IP: ::1
2025-02-13 00:19:19 | INFO | Запрос: GET /ranking/groups | IP: ::1
2025-02-13 00:19:27 | INFO | Запрос: POST /registration/verify | IP: ::1
2025-02-13 00:19:38 | INFO | Запрос: POST /registration/login | IP: ::1
2025-02-13 00:19:38 | INFO | Запрос: POST /registration/verify | IP: ::1
2025-02-13 00:19:44 | INFO | Запрос: GET /ranking | IP: ::1
2025-02-13 00:19:44 | INFO | Запрос: GET /ranking/groups | IP: ::1
2025-02-13 00:19:45 | INFO | Запрос: POST /registration/verify | IP: ::1
2025-02-13 00:19:46 | INFO | Запрос: GET /ranking | IP: ::1
2025-02-13 00:19:46 | INFO | Запрос: GET /ranking/groups | IP: ::1
2025-02-13 00:19:48 | INFO | Запрос: GET /materials/read | IP: ::1
2025-02-13 00:19:49 | INFO | Запрос: GET /announcements/read | IP: ::1
2025-02-13 00:19:50 | INFO | Запрос: GET /announcements/read | IP: ::1
2025-02-13 00:19:53 | INFO | Запрос: POST /registration/verify | IP: ::1
2025-02-13 00:20:05 | INFO | Запрос: POST /registration/verify | IP: ::1
2025-02-13 00:20:22 | INFO | Запрос: GET /news/read | IP: ::1
2025-02-13 00:20:25 | INFO | Запрос: POST /registration/verify | IP: ::1
2025-02-13 00:21:15 | INFO | Запрос: GET /ranking | IP: ::1
2025-02-13 00:21:15 | INFO | Запрос: GET /ranking/groups | IP: ::1
2025-02-13 00:21:20 | INFO | Запрос: POST /registration/verify | IP: ::1
2025-02-13 00:22:10 | INFO | Запрос: POST /registration/verify | IP: ::1
2025-02-13 00:26:16 | INFO | Запрос: GET /ranking | IP: ::1
2025-02-13 00:26:16 | INFO | Запрос: GET /ranking/groups | IP: ::1
2025-02-13 00:26:23 | INFO | Запрос: GET /ranking | IP: ::1
2025-02-13 00:26:23 | INFO | Запрос: GET /ranking/groups | IP: ::1
2025-02-13 00:26:25 | INFO | Запрос: GET /materials/read_guest | IP: ::1
2025-02-13 00:26:26 | INFO | Запрос: GET /announcements/read_guest | IP: ::1
2025-02-13 00:26:26 | INFO | Запрос: GET /news/read_guest | IP: ::1
2025-02-13 00:26:27 | INFO | Запрос: GET /ranking | IP: ::1
2025-02-13 00:26:27 | INFO | Запрос: GET /ranking/groups | IP: ::1
2025-02-13 00:26:33 | INFO | Запрос: GET /ranking | IP: ::1
2025-02-13 00:26:33 | INFO | Запрос: GET /ranking/groups | IP: ::1
2025-02-13 00:27:29 | INFO | Запрос: GET /news/read_guest | IP: ::1
2025-02-13 00:28:05 | INFO | Запрос: POST /registration/login | IP: ::1
2025-02-13 00:28:05 | INFO | Запрос: POST /registration/verify | IP: ::1
2025-02-13 00:28:43 | INFO | Запрос: POST /registration/register | IP: ::1
2025-02-13 00:28:46 | INFO | Запрос: POST /registration/login | IP: ::1
2025-02-13 00:28:46 | INFO | Запрос: POST /registration/verify | IP: ::1
2025-02-13 00:29:19 | INFO | Запрос: POST /registration/login | IP: ::1
2025-02-13 00:29:19 | INFO | Запрос: POST /registration/verify | IP: ::1
2025-02-13 00:29:23 | INFO | Запрос: GET /admin-tools | IP: ::1
2025-02-13 00:29:23 | INFO | Запрос: GET /admin-tools/groups | IP: ::1
2025-02-13 00:41:43 | INFO | Запрос: POST /registration/verify | IP: ::1
2025-02-13 00:41:43 | INFO | Запрос: POST /registration/verify | IP: ::1
2025-02-13 00:41:45 | INFO | Запрос: GET /admin-tools | IP: ::1
2025-02-13 00:41:45 | INFO | Запрос: GET /admin-tools/groups | IP: ::1
2025-02-13 00:45:51 | INFO | Запрос: GET /admin-tools | IP: ::1
2025-02-13 00:45:51 | INFO | Запрос: GET /admin-tools/groups | IP: ::1
2025-02-13 00:46:33 | INFO | Запрос: POST /registration/verify | IP: ::1
2025-02-13 00:46:35 | INFO | Запрос: GET /admin-tools | IP: ::1
2025-02-13 00:46:35 | INFO | Запрос: GET /admin-tools/groups | IP: ::1
2025-02-13 00:46:45 | INFO | Запрос: POST /registration/verify | IP: ::1
2025-02-13 00:47:09 | INFO | Запрос: POST /registration/register | IP: ::1
2025-02-13 00:47:11 | INFO | Запрос: POST /registration/login | IP: ::1
2025-02-13 00:47:11 | INFO | Запрос: POST /registration/verify | IP: ::1
2025-02-13 00:47:18 | INFO | Запрос: GET /admin-tools | IP: ::1
2025-02-13 00:47:18 | INFO | Запрос: GET /admin-tools/groups | IP: ::1
2025-02-13 00:48:02 | INFO | Запрос: GET /admin-tools | IP: ::1
2025-02-13 00:48:02 | INFO | Запрос: GET /admin-tools/groups | IP: ::1
2025-02-13 00:48:08 | INFO | Запрос: DELETE /admin-tools/762d7eb2-d2ea-45e8-a4e4-66113e15028b | IP: ::1
2025-02-13 00:48:09 | INFO | Запрос: DELETE /admin-tools/1d360b22-928e-496d-9322-630edc43a746 | IP: ::1
2025-02-13 00:48:11 | INFO | Запрос: DELETE /admin-tools/fcb2869c-fc1b-4206-bf99-401273b76803 | IP: ::1
2025-02-13 00:48:16 | INFO | Запрос: GET /admin-tools | IP: ::1
2025-02-13 00:48:16 | INFO | Запрос: GET /admin-tools/groups | IP: ::1
2025-02-13 00:48:19 | INFO | Запрос: POST /registration/verify | IP: ::1
2025-02-13 00:48:21 | INFO | Запрос: GET /admin-tools | IP: ::1
2025-02-13 00:48:21 | INFO | Запрос: GET /admin-tools/groups | IP: ::1
2025-02-13 00:48:33 | INFO | Запрос: POST /registration/verify | IP: ::1
2025-02-13 00:48:39 | INFO | Запрос: POST /registration/login | IP: ::1
2025-02-13 00:48:39 | INFO | Запрос: POST /registration/verify | IP: ::1
2025-02-13 00:48:41 | INFO | Запрос: GET /admin-tools | IP: ::1
2025-02-13 00:48:41 | INFO | Запрос: GET /admin-tools/groups | IP: ::1
2025-02-13 00:48:53 | INFO | Запрос: GET /admin-tools | IP: ::1
2025-02-13 00:48:53 | INFO | Запрос: GET /admin-tools/groups | IP: ::1
2025-02-13 00:49:08 | INFO | Запрос: GET /admin-tools | IP: ::1
2025-02-13 00:49:08 | INFO | Запрос: GET /admin-tools/groups | IP: ::1
2025-02-13 00:49:28 | INFO | Запрос: POST /registration/verify | IP: ::1
2025-02-13 00:49:32 | INFO | Запрос: POST /registration/login | IP: ::1
2025-02-13 00:49:32 | INFO | Запрос: POST /registration/verify | IP: ::1
2025-02-13 00:49:36 | INFO | Запрос: GET /admin-tools | IP: ::1
2025-02-13 00:49:36 | INFO | Запрос: GET /admin-tools/groups | IP: ::1
2025-02-13 00:49:49 | INFO | Запрос: PUT /admin-tools/1737913681176 | IP: ::1
2025-02-13 00:49:52 | INFO | Запрос: POST /registration/verify | IP: ::1
2025-02-13 00:49:52 | INFO | Запрос: GET /admin-tools | IP: ::1
2025-02-13 00:49:52 | INFO | Запрос: GET /admin-tools/groups | IP: ::1
2025-02-13 00:49:53 | INFO | Запрос: POST /registration/verify | IP: ::1
2025-02-13 00:49:59 | INFO | Запрос: GET /admin-tools | IP: ::1
2025-02-13 00:49:59 | INFO | Запрос: GET /admin-tools/groups | IP: ::1
2025-02-13 00:50:00 | INFO | Запрос: POST /registration/verify | IP: ::1
2025-02-13 00:50:41 | INFO | Запрос: POST /registration/register | IP: ::1
2025-02-13 00:50:43 | INFO | Запрос: POST /registration/login | IP: ::1
2025-02-13 00:50:43 | INFO | Запрос: POST /registration/verify | IP: ::1
2025-02-13 00:50:49 | INFO | Запрос: GET /admin-tools | IP: ::1
2025-02-13 00:50:49 | INFO | Запрос: GET /admin-tools/groups | IP: ::1
2025-02-13 01:00:25 | INFO | Запрос: GET /ranking | IP: ::1
2025-02-13 01:00:25 | INFO | Запрос: GET /ranking/groups | IP: ::1
2025-02-13 01:00:26 | INFO | Запрос: GET /materials/read_guest | IP: ::1
2025-02-13 01:00:27 | INFO | Запрос: GET /ranking | IP: ::1
2025-02-13 01:00:27 | INFO | Запрос: GET /ranking/groups | IP: ::1
2025-02-13 01:00:28 | INFO | Запрос: GET /ranking | IP: ::1
2025-02-13 01:00:28 | INFO | Запрос: GET /ranking/groups | IP: ::1
2025-02-13 01:01:42 | INFO | Запрос: GET /ranking | IP: ::1
2025-02-13 01:01:42 | INFO | Запрос: GET /ranking/groups | IP: ::1
2025-02-13 01:03:04 | INFO | Запрос: GET /ranking | IP: ::1
2025-02-13 01:03:04 | INFO | Запрос: GET /ranking/groups | IP: ::1
2025-02-13 01:03:06 | INFO | Запрос: GET /ranking | IP: ::1
2025-02-13 01:03:06 | INFO | Запрос: GET /ranking/groups | IP: ::1
2025-02-13 01:03:11 | INFO | Запрос: GET /ranking | IP: ::1
2025-02-13 01:03:11 | INFO | Запрос: GET /ranking/groups | IP: ::1
2025-02-13 01:03:11 | INFO | Запрос: GET /materials/read_guest | IP: ::1
2025-02-13 01:03:13 | INFO | Запрос: GET /announcements/read_guest | IP: ::1
2025-02-13 01:03:14 | INFO | Запрос: GET /news/read_guest | IP: ::1
2025-02-13 01:03:24 | INFO | Запрос: GET /ranking | IP: ::1
2025-02-13 01:03:24 | INFO | Запрос: GET /ranking/groups | IP: ::1
2025-02-13 01:03:25 | INFO | Запрос: GET /materials/read_guest | IP: ::1
2025-02-13 01:03:25 | INFO | Запрос: GET /announcements/read_guest | IP: ::1
2025-02-13 01:03:26 | INFO | Запрос: GET /news/read_guest | IP: ::1
2025-02-13 01:10:40 | INFO | Запрос: GET /admin-tools | IP: ::1
2025-02-13 01:10:40 | INFO | Запрос: GET /admin-tools/groups | IP: ::1
2025-02-13 01:10:40 | INFO | Запрос: POST /registration/verify | IP: ::1
2025-02-13 01:10:40 | INFO | Запрос: GET /admin-tools | IP: ::1
2025-02-13 01:10:40 | INFO | Запрос: GET /admin-tools/groups | IP: ::1
2025-02-13 01:10:40 | INFO | Запрос: POST /registration/verify | IP: ::1
2025-02-13 01:15:40 | INFO | Запрос: POST /registration/verify | IP: ::1
2025-02-13 01:15:40 | INFO | Запрос: GET /admin-tools | IP: ::1
2025-02-13 01:15:40 | INFO | Запрос: GET /admin-tools/groups | IP: ::1
2025-02-13 01:15:40 | INFO | Запрос: GET /admin-tools | IP: ::1
2025-02-13 01:15:40 | INFO | Запрос: GET /admin-tools/groups | IP: ::1
2025-02-13 01:19:35 | INFO | Запрос: POST /registration/verify | IP: ::1
2025-02-13 01:19:35 | INFO | Запрос: GET /admin-tools | IP: ::1
2025-02-13 01:19:35 | INFO | Запрос: GET /admin-tools/groups | IP: ::1
2025-02-13 01:19:35 | INFO | Запрос: GET /admin-tools | IP: ::1
2025-02-13 01:19:35 | INFO | Запрос: GET /admin-tools/groups | IP: ::1
2025-02-13 01:20:10 | INFO | Запрос: POST /registration/verify | IP: ::1
2025-02-13 01:20:10 | INFO | Запрос: GET /admin-tools | IP: ::1
2025-02-13 01:20:10 | INFO | Запрос: GET /admin-tools/groups | IP: ::1
2025-02-13 01:20:10 | INFO | Запрос: GET /admin-tools | IP: ::1
2025-02-13 01:20:10 | INFO | Запрос: GET /admin-tools/groups | IP: ::1
2025-02-13 01:21:01 | INFO | Запрос: GET /news/read_guest | IP: ::1
2025-02-13 01:21:04 | INFO | Запрос: GET /announcements/read_guest | IP: ::1
2025-02-13 01:21:04 | INFO | Запрос: GET /materials/read_guest | IP: ::1
2025-02-13 01:21:04 | INFO | Запрос: GET /ranking | IP: ::1
2025-02-13 01:21:04 | INFO | Запрос: GET /ranking/groups | IP: ::1
2025-02-13 01:22:07 | INFO | Запрос: POST /registration/login | IP: ::1
2025-02-13 01:22:11 | INFO | Запрос: POST /registration/login | IP: ::1
2025-02-13 01:22:41 | INFO | Запрос: POST /registration/login | IP: ::1
2025-02-13 01:22:41 | INFO | Запрос: POST /registration/verify | IP: ::1
2025-02-13 01:22:46 | INFO | Запрос: GET /news/read | IP: ::1
2025-02-13 01:22:46 | INFO | Запрос: GET /announcements/read | IP: ::1
2025-02-13 01:22:47 | INFO | Запрос: GET /materials/read | IP: ::1
2025-02-13 01:22:47 | INFO | Запрос: GET /ranking | IP: ::1
2025-02-13 01:22:47 | INFO | Запрос: GET /ranking/groups | IP: ::1
2025-02-13 01:22:49 | INFO | Запрос: POST /registration/verify | IP: ::1
2025-02-13 01:23:07 | INFO | Запрос: POST /registration/login | IP: ::1
2025-02-13 01:23:07 | INFO | Запрос: POST /registration/verify | IP: ::1
2025-02-13 01:23:10 | INFO | Запрос: GET /news/read | IP: ::1
2025-02-13 01:23:12 | INFO | Запрос: GET /announcements/read | IP: ::1
2025-02-13 01:23:12 | INFO | Запрос: GET /materials/read | IP: ::1
2025-02-13 01:23:13 | INFO | Запрос: GET /ranking | IP: ::1
2025-02-13 01:23:13 | INFO | Запрос: GET /ranking/groups | IP: ::1
2025-02-13 01:23:14 | INFO | Запрос: POST /registration/verify | IP: ::1
